<?xml version="1.0" encoding="UTF-8"?>
<!-- Generated by org.testng.reporters.JUnitReportReporter -->
<testsuite hostname="Yaaminee" failures="0" tests="1" name="com.assignment3.Sel_Assignment3" time="37.961" errors="0" timestamp="2024-06-29T20:52:11 EDT" skipped="0">
  <testcase classname="com.assignment3.Sel_Assignment3" name="calculate_Maturiy_Interest" time="37.961"/>
</testsuite> <!-- com.assignment3.Sel_Assignment3 -->
