<?xml version="1.0" encoding="UTF-8"?>
<!-- Generated by org.testng.reporters.JUnitReportReporter -->
<testsuite hostname="Yaaminee" failures="0" tests="3" name="com.assignment2.Sel_Assignment2" time="9.562" errors="0" timestamp="2024-06-29T14:47:46 EDT" skipped="0">
  <testcase classname="com.assignment2.Sel_Assignment2" name="test3" time="5.880"/>
  <testcase classname="com.assignment2.Sel_Assignment2" name="test1" time="3.382"/>
  <testcase classname="com.assignment2.Sel_Assignment2" name="test2" time="0.300"/>
</testsuite> <!-- com.assignment2.Sel_Assignment2 -->
