<?xml version="1.0" encoding="UTF-8"?>
<!-- Generated by org.testng.reporters.JUnitReportReporter -->
<testsuite hostname="Yaaminee" failures="0" tests="1" name="Selenium_Assignment_1.Sel_Assignment3" time="55.854" errors="0" timestamp="2024-06-29T11:31:38 EDT" skipped="0">
  <testcase classname="Selenium_Assignment_1.Sel_Assignment3" name="calculate_Maturiy_Interest" time="55.854"/>
</testsuite> <!-- Selenium_Assignment_1.Sel_Assignment3 -->
